c:\users\hp\source\repos\final\final\debug\vc142.pdb
c:\users\hp\source\repos\final\final\debug\vc142.idb
c:\users\hp\source\repos\final\final\debug\finaldlg.obj
c:\users\hp\source\repos\final\final\debug\final.obj
c:\users\hp\source\repos\final\final\debug\insert.obj
c:\users\hp\source\repos\final\final\debug\transaction.obj
c:\users\hp\source\repos\final\final\debug\login.obj
c:\users\hp\source\repos\final\final\debug\final.pch
c:\users\hp\source\repos\final\final\debug\pch.obj
c:\users\hp\source\repos\final\final\debug\withdraw.obj
c:\users\hp\source\repos\final\final\debug\display.obj
c:\users\hp\source\repos\final\final\debug\deposit.obj
c:\users\hp\source\repos\final\debug\final.exe
c:\users\hp\source\repos\final\debug\final.pdb
c:\users\hp\source\repos\final\final\debug\final.res
c:\users\hp\source\repos\final\final\debug\final.tlog\cl.command.1.tlog
c:\users\hp\source\repos\final\final\debug\final.tlog\cl.read.1.tlog
c:\users\hp\source\repos\final\final\debug\final.tlog\cl.write.1.tlog
c:\users\hp\source\repos\final\final\debug\final.tlog\link.command.1.tlog
c:\users\hp\source\repos\final\final\debug\final.tlog\link.read.1.tlog
c:\users\hp\source\repos\final\final\debug\final.tlog\link.write.1.tlog
c:\users\hp\source\repos\final\final\debug\final.tlog\rc.command.1.tlog
c:\users\hp\source\repos\final\final\debug\final.tlog\rc.read.1.tlog
c:\users\hp\source\repos\final\final\debug\final.tlog\rc.write.1.tlog
