  DEPOSIT.cpp
C:\Users\HP\source\repos\final\final\DEPOSIT.cpp(45): warning C4101: 'newbal': unreferenced local variable
  DISPLAY.cpp
  INSERT.cpp
  LOGIN.cpp
  TRANSACTION.cpp
  WITHDRAW.cpp
C:\Users\HP\source\repos\final\final\WITHDRAW.cpp(44): warning C4101: 'newbal': unreferenced local variable
  final.cpp
  finalDlg.cpp
  Generating Code...
LINK : warning LNK4075: ignoring '/INCREMENTAL' due to '/FORCE' specification
DISPLAY.obj : warning LNK4006: "void __cdecl addAccount(class std::basic_string<char,struct std::char_traits<char>,class std::allocator<char> > * const)" (?addAccount@@YAXQAV?$basic_string@DU?$char_traits@D@std@@V?$allocator@D@2@@std@@@Z) already defined in DEPOSIT.obj; second definition ignored
DISPLAY.obj : warning LNK4006: "void __cdecl delFound(void)" (?delFound@@YAXXZ) already defined in DEPOSIT.obj; second definition ignored
DISPLAY.obj : warning LNK4006: "void __cdecl depositMoney(class std::basic_string<char,struct std::char_traits<char>,class std::allocator<char> >)" (?depositMoney@@YAXV?$basic_string@DU?$char_traits@D@std@@V?$allocator@D@2@@std@@@Z) already defined in DEPOSIT.obj; second definition ignored
DISPLAY.obj : warning LNK4006: "char * __cdecl display(void)" (?display@@YAPADXZ) already defined in DEPOSIT.obj; second definition ignored
DISPLAY.obj : warning LNK4006: "bool __cdecl search(class std::basic_string<char,struct std::char_traits<char>,class std::allocator<char> >,class std::basic_string<char,struct std::char_traits<char>,class std::allocator<char> >)" (?search@@YA_NV?$basic_string@DU?$char_traits@D@std@@V?$allocator@D@2@@std@@0@Z) already defined in DEPOSIT.obj; second definition ignored
DISPLAY.obj : warning LNK4006: "void __cdecl withdrawMoney(class std::basic_string<char,struct std::char_traits<char>,class std::allocator<char> >)" (?withdrawMoney@@YAXV?$basic_string@DU?$char_traits@D@std@@V?$allocator@D@2@@std@@@Z) already defined in DEPOSIT.obj; second definition ignored
DISPLAY.obj : warning LNK4006: "int n" (?n@@3HA) already defined in DEPOSIT.obj; second definition ignored
DISPLAY.obj : warning LNK4006: "class Account * found" (?found@@3PAVAccount@@A) already defined in DEPOSIT.obj; second definition ignored
final.obj : warning LNK4006: "void __cdecl addAccount(class std::basic_string<char,struct std::char_traits<char>,class std::allocator<char> > * const)" (?addAccount@@YAXQAV?$basic_string@DU?$char_traits@D@std@@V?$allocator@D@2@@std@@@Z) already defined in DEPOSIT.obj; second definition ignored
final.obj : warning LNK4006: "void __cdecl delFound(void)" (?delFound@@YAXXZ) already defined in DEPOSIT.obj; second definition ignored
final.obj : warning LNK4006: "void __cdecl depositMoney(class std::basic_string<char,struct std::char_traits<char>,class std::allocator<char> >)" (?depositMoney@@YAXV?$basic_string@DU?$char_traits@D@std@@V?$allocator@D@2@@std@@@Z) already defined in DEPOSIT.obj; second definition ignored
final.obj : warning LNK4006: "char * __cdecl display(void)" (?display@@YAPADXZ) already defined in DEPOSIT.obj; second definition ignored
final.obj : warning LNK4006: "bool __cdecl search(class std::basic_string<char,struct std::char_traits<char>,class std::allocator<char> >,class std::basic_string<char,struct std::char_traits<char>,class std::allocator<char> >)" (?search@@YA_NV?$basic_string@DU?$char_traits@D@std@@V?$allocator@D@2@@std@@0@Z) already defined in DEPOSIT.obj; second definition ignored
final.obj : warning LNK4006: "void __cdecl withdrawMoney(class std::basic_string<char,struct std::char_traits<char>,class std::allocator<char> >)" (?withdrawMoney@@YAXV?$basic_string@DU?$char_traits@D@std@@V?$allocator@D@2@@std@@@Z) already defined in DEPOSIT.obj; second definition ignored
final.obj : warning LNK4006: "int n" (?n@@3HA) already defined in DEPOSIT.obj; second definition ignored
final.obj : warning LNK4006: "class Account * found" (?found@@3PAVAccount@@A) already defined in DEPOSIT.obj; second definition ignored
finalDlg.obj : warning LNK4006: "void __cdecl addAccount(class std::basic_string<char,struct std::char_traits<char>,class std::allocator<char> > * const)" (?addAccount@@YAXQAV?$basic_string@DU?$char_traits@D@std@@V?$allocator@D@2@@std@@@Z) already defined in DEPOSIT.obj; second definition ignored
finalDlg.obj : warning LNK4006: "void __cdecl delFound(void)" (?delFound@@YAXXZ) already defined in DEPOSIT.obj; second definition ignored
finalDlg.obj : warning LNK4006: "void __cdecl depositMoney(class std::basic_string<char,struct std::char_traits<char>,class std::allocator<char> >)" (?depositMoney@@YAXV?$basic_string@DU?$char_traits@D@std@@V?$allocator@D@2@@std@@@Z) already defined in DEPOSIT.obj; second definition ignored
finalDlg.obj : warning LNK4006: "char * __cdecl display(void)" (?display@@YAPADXZ) already defined in DEPOSIT.obj; second definition ignored
finalDlg.obj : warning LNK4006: "bool __cdecl search(class std::basic_string<char,struct std::char_traits<char>,class std::allocator<char> >,class std::basic_string<char,struct std::char_traits<char>,class std::allocator<char> >)" (?search@@YA_NV?$basic_string@DU?$char_traits@D@std@@V?$allocator@D@2@@std@@0@Z) already defined in DEPOSIT.obj; second definition ignored
finalDlg.obj : warning LNK4006: "void __cdecl withdrawMoney(class std::basic_string<char,struct std::char_traits<char>,class std::allocator<char> >)" (?withdrawMoney@@YAXV?$basic_string@DU?$char_traits@D@std@@V?$allocator@D@2@@std@@@Z) already defined in DEPOSIT.obj; second definition ignored
finalDlg.obj : warning LNK4006: "int n" (?n@@3HA) already defined in DEPOSIT.obj; second definition ignored
finalDlg.obj : warning LNK4006: "class Account * found" (?found@@3PAVAccount@@A) already defined in DEPOSIT.obj; second definition ignored
INSERT.obj : warning LNK4006: "void __cdecl addAccount(class std::basic_string<char,struct std::char_traits<char>,class std::allocator<char> > * const)" (?addAccount@@YAXQAV?$basic_string@DU?$char_traits@D@std@@V?$allocator@D@2@@std@@@Z) already defined in DEPOSIT.obj; second definition ignored
INSERT.obj : warning LNK4006: "void __cdecl delFound(void)" (?delFound@@YAXXZ) already defined in DEPOSIT.obj; second definition ignored
INSERT.obj : warning LNK4006: "void __cdecl depositMoney(class std::basic_string<char,struct std::char_traits<char>,class std::allocator<char> >)" (?depositMoney@@YAXV?$basic_string@DU?$char_traits@D@std@@V?$allocator@D@2@@std@@@Z) already defined in DEPOSIT.obj; second definition ignored
INSERT.obj : warning LNK4006: "char * __cdecl display(void)" (?display@@YAPADXZ) already defined in DEPOSIT.obj; second definition ignored
INSERT.obj : warning LNK4006: "bool __cdecl search(class std::basic_string<char,struct std::char_traits<char>,class std::allocator<char> >,class std::basic_string<char,struct std::char_traits<char>,class std::allocator<char> >)" (?search@@YA_NV?$basic_string@DU?$char_traits@D@std@@V?$allocator@D@2@@std@@0@Z) already defined in DEPOSIT.obj; second definition ignored
INSERT.obj : warning LNK4006: "void __cdecl withdrawMoney(class std::basic_string<char,struct std::char_traits<char>,class std::allocator<char> >)" (?withdrawMoney@@YAXV?$basic_string@DU?$char_traits@D@std@@V?$allocator@D@2@@std@@@Z) already defined in DEPOSIT.obj; second definition ignored
INSERT.obj : warning LNK4006: "int n" (?n@@3HA) already defined in DEPOSIT.obj; second definition ignored
INSERT.obj : warning LNK4006: "class Account * found" (?found@@3PAVAccount@@A) already defined in DEPOSIT.obj; second definition ignored
LOGIN.obj : warning LNK4006: "void __cdecl addAccount(class std::basic_string<char,struct std::char_traits<char>,class std::allocator<char> > * const)" (?addAccount@@YAXQAV?$basic_string@DU?$char_traits@D@std@@V?$allocator@D@2@@std@@@Z) already defined in DEPOSIT.obj; second definition ignored
LOGIN.obj : warning LNK4006: "void __cdecl delFound(void)" (?delFound@@YAXXZ) already defined in DEPOSIT.obj; second definition ignored
LOGIN.obj : warning LNK4006: "void __cdecl depositMoney(class std::basic_string<char,struct std::char_traits<char>,class std::allocator<char> >)" (?depositMoney@@YAXV?$basic_string@DU?$char_traits@D@std@@V?$allocator@D@2@@std@@@Z) already defined in DEPOSIT.obj; second definition ignored
LOGIN.obj : warning LNK4006: "char * __cdecl display(void)" (?display@@YAPADXZ) already defined in DEPOSIT.obj; second definition ignored
LOGIN.obj : warning LNK4006: "bool __cdecl search(class std::basic_string<char,struct std::char_traits<char>,class std::allocator<char> >,class std::basic_string<char,struct std::char_traits<char>,class std::allocator<char> >)" (?search@@YA_NV?$basic_string@DU?$char_traits@D@std@@V?$allocator@D@2@@std@@0@Z) already defined in DEPOSIT.obj; second definition ignored
LOGIN.obj : warning LNK4006: "void __cdecl withdrawMoney(class std::basic_string<char,struct std::char_traits<char>,class std::allocator<char> >)" (?withdrawMoney@@YAXV?$basic_string@DU?$char_traits@D@std@@V?$allocator@D@2@@std@@@Z) already defined in DEPOSIT.obj; second definition ignored
LOGIN.obj : warning LNK4006: "int n" (?n@@3HA) already defined in DEPOSIT.obj; second definition ignored
LOGIN.obj : warning LNK4006: "class Account * found" (?found@@3PAVAccount@@A) already defined in DEPOSIT.obj; second definition ignored
TRANSACTION.obj : warning LNK4006: "void __cdecl addAccount(class std::basic_string<char,struct std::char_traits<char>,class std::allocator<char> > * const)" (?addAccount@@YAXQAV?$basic_string@DU?$char_traits@D@std@@V?$allocator@D@2@@std@@@Z) already defined in DEPOSIT.obj; second definition ignored
TRANSACTION.obj : warning LNK4006: "void __cdecl delFound(void)" (?delFound@@YAXXZ) already defined in DEPOSIT.obj; second definition ignored
TRANSACTION.obj : warning LNK4006: "void __cdecl depositMoney(class std::basic_string<char,struct std::char_traits<char>,class std::allocator<char> >)" (?depositMoney@@YAXV?$basic_string@DU?$char_traits@D@std@@V?$allocator@D@2@@std@@@Z) already defined in DEPOSIT.obj; second definition ignored
TRANSACTION.obj : warning LNK4006: "char * __cdecl display(void)" (?display@@YAPADXZ) already defined in DEPOSIT.obj; second definition ignored
TRANSACTION.obj : warning LNK4006: "bool __cdecl search(class std::basic_string<char,struct std::char_traits<char>,class std::allocator<char> >,class std::basic_string<char,struct std::char_traits<char>,class std::allocator<char> >)" (?search@@YA_NV?$basic_string@DU?$char_traits@D@std@@V?$allocator@D@2@@std@@0@Z) already defined in DEPOSIT.obj; second definition ignored
TRANSACTION.obj : warning LNK4006: "void __cdecl withdrawMoney(class std::basic_string<char,struct std::char_traits<char>,class std::allocator<char> >)" (?withdrawMoney@@YAXV?$basic_string@DU?$char_traits@D@std@@V?$allocator@D@2@@std@@@Z) already defined in DEPOSIT.obj; second definition ignored
TRANSACTION.obj : warning LNK4006: "int n" (?n@@3HA) already defined in DEPOSIT.obj; second definition ignored
TRANSACTION.obj : warning LNK4006: "class Account * found" (?found@@3PAVAccount@@A) already defined in DEPOSIT.obj; second definition ignored
WITHDRAW.obj : warning LNK4006: "void __cdecl addAccount(class std::basic_string<char,struct std::char_traits<char>,class std::allocator<char> > * const)" (?addAccount@@YAXQAV?$basic_string@DU?$char_traits@D@std@@V?$allocator@D@2@@std@@@Z) already defined in DEPOSIT.obj; second definition ignored
WITHDRAW.obj : warning LNK4006: "void __cdecl delFound(void)" (?delFound@@YAXXZ) already defined in DEPOSIT.obj; second definition ignored
WITHDRAW.obj : warning LNK4006: "void __cdecl depositMoney(class std::basic_string<char,struct std::char_traits<char>,class std::allocator<char> >)" (?depositMoney@@YAXV?$basic_string@DU?$char_traits@D@std@@V?$allocator@D@2@@std@@@Z) already defined in DEPOSIT.obj; second definition ignored
WITHDRAW.obj : warning LNK4006: "char * __cdecl display(void)" (?display@@YAPADXZ) already defined in DEPOSIT.obj; second definition ignored
WITHDRAW.obj : warning LNK4006: "bool __cdecl search(class std::basic_string<char,struct std::char_traits<char>,class std::allocator<char> >,class std::basic_string<char,struct std::char_traits<char>,class std::allocator<char> >)" (?search@@YA_NV?$basic_string@DU?$char_traits@D@std@@V?$allocator@D@2@@std@@0@Z) already defined in DEPOSIT.obj; second definition ignored
WITHDRAW.obj : warning LNK4006: "void __cdecl withdrawMoney(class std::basic_string<char,struct std::char_traits<char>,class std::allocator<char> >)" (?withdrawMoney@@YAXV?$basic_string@DU?$char_traits@D@std@@V?$allocator@D@2@@std@@@Z) already defined in DEPOSIT.obj; second definition ignored
WITHDRAW.obj : warning LNK4006: "int n" (?n@@3HA) already defined in DEPOSIT.obj; second definition ignored
WITHDRAW.obj : warning LNK4006: "class Account * found" (?found@@3PAVAccount@@A) already defined in DEPOSIT.obj; second definition ignored
C:\Users\HP\source\repos\final\Debug\final.exe : warning LNK4088: image being generated due to /FORCE option; image may not run
  final.vcxproj -> C:\Users\HP\source\repos\final\Debug\final.exe
